<?xml version="1.0" encoding="UTF-8"?>
<!-- Generated by org.testng.reporters.JUnitReportReporter -->
<testsuite hostname="LAPTOP-J7JVCU8O" failures="0" tests="1" name="Scripts.TestScript1" time="13.099" errors="0" timestamp="2023-10-11T20:39:28 IST" skipped="0">
  <testcase classname="Scripts.TestScript1" name="tc1" time="13.099"/>
</testsuite> <!-- Scripts.TestScript1 -->
