<?xml version="1.0" encoding="UTF-8"?>
<!-- Generated by org.testng.reporters.JUnitReportReporter -->
<testsuite hostname="LAPTOP-J7JVCU8O" failures="0" tests="1" name="Scripts.TestScript2" time="10.157" errors="0" timestamp="2023-10-11T20:46:29 IST" skipped="0">
  <testcase classname="Scripts.TestScript2" name="tc2" time="10.157"/>
</testsuite> <!-- Scripts.TestScript2 -->
